INFO:TODO task added. TID: aa435e14-4494-11e8-b4eb-ec0ec42aa9f1:(2018-04-20 15:16:33,721)
WARNING:Some troubles while creating user. Probably current login was created earlier:(2018-04-20 18:38:38,675)
WARNING:Can't load json file:(2018-04-20 18:38:54,057)
INFO:User added. UID: ee77f7b8-44b0-11e8-b4eb-ec0ec42aa9f1:(2018-04-20 18:38:54,060)
WARNING:Some troubles while open app:(2018-04-27 19:17:19,838)
INFO:User added. UID: 8ad38250-4a36-11e8-99bb-ec0ec42aa9f1:(2018-04-27 19:17:55,262)
INFO:TODO task added. TID: a6f04680-4a36-11e8-99bb-ec0ec42aa9f1:(2018-04-27 19:18:42,484)
WARNING:Some troubles while open app:(2018-04-27 19:34:02,262)
WARNING:Some troubles while open app:(2018-04-27 19:35:46,417)
WARNING:Some troubles while open app:(2018-04-27 19:38:54,774)
WARNING:Some troubles while open app:(2018-04-27 19:40:00,654)
WARNING:Some troubles while open app:(2018-04-27 19:42:53,999)
WARNING:Some troubles while open app:(2018-04-27 19:43:01,588)
WARNING:Some troubles while open app:(2018-04-27 19:43:15,901)
WARNING:Some troubles while open app:(2018-04-27 19:43:25,134)
WARNING:Some troubles while open app:(2018-04-27 19:43:53,822)
WARNING:Some troubles while open app:(2018-04-27 19:44:04,652)
WARNING:Some troubles while open app:(2018-04-27 19:45:19,318)
WARNING:Some troubles while open app:(2018-04-27 19:48:43,579)
WARNING:Some troubles while open app:(2018-04-27 19:54:44,087)
WARNING:Some troubles while open app:(2018-04-27 19:55:36,104)
WARNING:Some troubles while open app:(2018-04-27 19:58:59,354)
WARNING:Some troubles while open app:(2018-04-27 20:13:26,676)
INFO:TODO task added. TID: 59e89e70-4a3e-11e8-99bb-ec0ec42aa9f1:(2018-04-27 20:13:49,211)
WARNING:Some troubles while open app:(2018-04-27 20:14:01,236)
WARNING:Some troubles while open app:(2018-04-27 20:21:49,216)
INFO:User added. UID: a0d90792-4a3f-11e8-99bb-ec0ec42aa9f1:(2018-04-27 20:22:57,678)
WARNING:Some troubles while open app:(2018-04-27 20:22:57,679)
INFO:User added. UID: 40d5af92-4a41-11e8-9f0c-ec0ec42aa9f1:(2018-04-27 20:34:35,589)
WARNING:Some troubles while open app:(2018-04-27 20:34:35,590)
INFO:User added. UID: b39fab5e-4a41-11e8-9f0c-ec0ec42aa9f1:(2018-04-27 20:37:48,173)
WARNING:Some troubles while open app:(2018-04-27 20:37:48,173)
INFO:User added. UID: ba71d2ea-4a41-11e8-9f0c-ec0ec42aa9f1:(2018-04-27 20:37:59,616)
INFO:User added. UID: bfb6e240-4a41-11e8-9f0c-ec0ec42aa9f1:(2018-04-27 20:38:08,457)
INFO:User added. UID: c36ccd00-4a41-11e8-9f0c-ec0ec42aa9f1:(2018-04-27 20:38:14,685)
WARNING:Some troubles while open app:(2018-04-27 20:47:17,028)
INFO:User added. UID: 0e7d4c88-4a43-11e8-9f0c-ec0ec42aa9f1:(2018-04-27 20:47:30,118)
WARNING:Some troubles while open app:(2018-04-27 20:59:02,806)
WARNING:Some troubles while open app:(2018-04-27 20:59:27,221)
WARNING:Some troubles while open app:(2018-04-27 20:59:38,989)
INFO:TODO task was done/undone. TID: 9f7d81f6-4252-11e8-a6b2-ec0ec42aa9f1:(2018-04-27 21:01:13,580)
WARNING:Some troubles while open app:(2018-04-27 21:20:38,867)
WARNING:Some troubles while open app:(2018-04-27 21:20:46,284)
WARNING:Some troubles while open app:(2018-04-27 21:22:48,250)
WARNING:Some troubles while open app:(2018-04-27 21:22:53,550)
WARNING:Some troubles while open app:(2018-04-27 21:23:22,538)
INFO:User added. UID: 1e3c5b46-4a48-11e8-9f0c-ec0ec42aa9f1:(2018-04-27 21:23:44,038)
INFO:TODO task added. TID: 37509b74-4a48-11e8-9f0c-ec0ec42aa9f1:(2018-04-27 21:24:26,117)
INFO:TODO task added. TID: cc95907c-4a5c-11e8-9f0c-ec0ec42aa9f1:(2018-04-27 23:51:46,512)
WARNING:Some troubles while open app:(2018-04-28 08:28:15,782)
INFO:User added. UID: 0be4a446-4aa5-11e8-aa37-6bc25ffe6b4b:(2018-04-28 08:28:56,442)
WARNING:Some troubles while open app:(2018-04-28 08:29:07,180)
WARNING:Something done wrong while deleting. Index was: <click.core.Command object at 0x7f0a770d26d8>:(2018-04-28 08:32:58,074)
WARNING:Some troubles while open app:(2018-04-28 09:10:04,164)
WARNING:Some troubles while open app:(2018-04-28 09:13:23,527)
WARNING:Some troubles while open app:(2018-04-28 09:27:12,268)
WARNING:Some troubles while open app:(2018-04-28 09:27:23,908)
WARNING:Some troubles while open app:(2018-04-28 09:27:53,617)
WARNING:Some troubles while open app:(2018-04-28 09:28:59,496)
WARNING:Some troubles while open app:(2018-04-28 09:29:27,494)
WARNING:Some troubles while open app:(2018-04-28 09:56:38,640)
WARNING:Some troubles while open app:(2018-04-28 09:56:55,844)
WARNING:Some troubles while open app:(2018-04-28 09:57:39,084)
WARNING:Some troubles while open app:(2018-04-28 10:03:25,860)
WARNING:Some troubles while open app:(2018-04-28 10:07:48,121)
WARNING:Some troubles while open app:(2018-04-28 10:13:24,905)
WARNING:Some troubles while open app:(2018-04-28 10:17:31,626)
INFO:TODO task added. TID: 43ce3a2a-4ab4-11e8-bb00-ec0ec42aa9f1:(2018-04-28 10:17:52,698)
